<?xml version="1.0" encoding="UTF-8"?>
<testsuite name="SpringBootMongoDB1.LibraryTest" tests="1" skipped="0" failures="0" errors="0" timestamp="2019-05-12T01:34:14" hostname="Dalmias-MacBook-Pro.local" time="0.002">
  <properties/>
  <testcase name="testSomeLibraryMethod" classname="SpringBootMongoDB1.LibraryTest" time="0.002"/>
  <system-out><![CDATA[]]></system-out>
  <system-err><![CDATA[]]></system-err>
</testsuite>
